<?xml version="1.0" encoding="UTF-8"?>
<!-- Generated by org.testng.reporters.JUnitXMLReporter -->
<testsuite ignored="0" hostname="QC-Fatma" failures="0" tests="4" name="Default test" time="44.199" errors="0" timestamp="2021-12-31T21:38:15 EET">
  <testcase classname="tests.CreateNewBranchTest" name="UserCanLoginSuccessfully" time="0.47"/>
  <testcase classname="tests.CreateNewBranchTest" name="UserCanOpenBranchesPage" time="9.242"/>
  <testcase classname="tests.CreateNewBranchTest" name="UserCanAddNewBranch" time="28.075"/>
  <testcase classname="tests.CreateNewBranchTest" name="MakeSureThaCustomerAdded" time="6.347"/>
</testsuite> <!-- Default test -->
